<?xml version="1.0" encoding="UTF-8"?>
<databaseChangeLog
  xmlns="http://www.liquibase.org/xml/ns/dbchangelog"
  xmlns:xsi="http://www.w3.org/2001/XMLSchema-instance"
  xsi:schemaLocation="http://www.liquibase.org/xml/ns/dbchangelog
		http://www.liquibase.org/xml/ns/dbchangelog/dbchangelog-latest.xsd">
  <changeSet id="test-001" author="tf">
    <insert tableName="exchange_user" schemaName="${schemaName}">
      <column name="id" value="00000000-0000-0000-0002-000000000001"/>
      <column name="email" value="client1@exchange.com"/>
      <column name="status" value="ACTIVE"/>
      <column name="created_date_utc" value="now()"/>
      <column name="version" value="0"/>
    </insert>
    <insert tableName="exchange_user" schemaName="${schemaName}">
      <column name="id" value="00000000-0000-0000-0002-000000000002"/>
      <column name="email" value="client2@exchange.com"/>
      <column name="status" value="ACTIVE"/>
      <column name="created_date_utc" value="now()"/>
      <column name="version" value="0"/>
    </insert>
    <insert tableName="exchange_user" schemaName="${schemaName}">
      <column name="id" value="00000000-0000-0000-0002-000000000003"/>
      <column name="email" value="client3@exchange.com"/>
      <column name="status" value="ACTIVE"/>
      <column name="created_date_utc" value="now()"/>
      <column name="version" value="0"/>
    </insert>
    <insert tableName="exchange_user" schemaName="${schemaName}">
      <column name="id" value="00000000-2222-0000-0001-000000000001"/>
      <column name="email" value="admin1@exchange.com"/>
      <column name="status" value="ACTIVE"/>
      <column name="created_date_utc" value="now()"/>
      <column name="version" value="0"/>
    </insert>
    <insert tableName="exchange_user" schemaName="${schemaName}">
      <column name="id" value="00000000-2222-0000-0002-000000000001"/>
      <column name="email" value="admin2@exchange.com"/>
      <column name="status" value="ACTIVE"/>
      <column name="created_date_utc" value="now()"/>
      <column name="version" value="0"/>
    </insert>
    <insert tableName="user_account" schemaName="${schemaName}">
      <column name="user_id" value="00000000-0000-0000-0002-000000000001"/>
      <column name="currency_id" value="1"/>
      <column name="id" value="72aa8932-8798-4d1b-1111-590a3e6ffa11"/>
      <column name="version" value="0"/>
    </insert>
    <insert tableName="user_account" schemaName="${schemaName}">
      <column name="user_id" value="00000000-0000-0000-0002-000000000001"/>
      <column name="currency_id" value="2"/>
      <column name="id" value="72aa8932-8798-4d1b-1111-590a3e6ffa22"/>
      <column name="version" value="0"/>
    </insert>
    <insert schemaName="${schemaName}" tableName="user_account">
      <column name="user_id" value="00000000-0000-0000-0002-000000000001"/>
      <column name="currency_id" value="5"/>
      <column name="id" value="72aa8932-8798-4d1b-1111-590a3e6ffa55"/>
      <column name="version" value="0"/>
    </insert>
    <insert tableName="user_account" schemaName="${schemaName}">
      <column name="user_id" value="00000000-0000-0000-0002-000000000002"/>
      <column name="currency_id" value="1"/>
      <column name="id" value="72aa8932-8798-4d1b-2222-590a3e6ffa11"/>
      <column name="version" value="0"/>
    </insert>
    <insert tableName="user_account" schemaName="${schemaName}">
      <column name="user_id" value="00000000-0000-0000-0002-000000000002"/>
      <column name="currency_id" value="2"/>
      <column name="id" value="72aa8932-8798-4d1b-2222-590a3e6ffa22"/>
      <column name="version" value="0"/>
    </insert>
    <insert tableName="user_account" schemaName="${schemaName}">
      <column name="user_id" value="00000000-0000-0000-0002-000000000003"/>
      <column name="currency_id" value="1"/>
      <column name="id" value="72aa8932-8798-4d1b-3333-590a3e6ffa11"/>
      <column name="version" value="0"/>
    </insert>
    <insert tableName="user_account" schemaName="${schemaName}">
      <column name="user_id" value="00000000-0000-0000-0002-000000000003"/>
      <column name="currency_id" value="2"/>
      <column name="id" value="72aa8932-8798-4d1b-3333-590a3e6ffa22"/>
      <column name="version" value="0"/>
    </insert>
  </changeSet>
  <changeSet id="test-002" author="tf">
    <insert tableName="exchange_event" schemaName="${schemaName}">
      <column name="id" valueComputed="nextval('${schemaName}.exchange_event_seq')"/>
      <column name="pair" value="EUR_USD"/>
      <column name="direction" value="B"/>
      <column name="date_utc" value="now()"/>
      <column name="event_type" value="ORDER"/>
      <column name="user_id" value="00000000-0000-0000-0002-000000000001"/>
      <column name="user_account_id" value="72aa8932-8798-4d1b-1111-590a3e6ffa22"/>
      <column name="amount" value="100000"/>
      <column name="amount_realized" value="0"/>
      <column name="ticket_status" value="NEW"/>
      <column name="ratio" value="10312"/>
      <column name="version" value="0"/>
    </insert>
  </changeSet>
  <changeSet id="test-003" author="tf">
    <insert tableName="user_property" schemaName="${schemaName}">
      <column name="user_id" value="00000000-0000-0000-0002-000000000001"/>
      <column name="unicode_locale" value="EN"/>
      <column name="timezone" value="UTC"/>
      <column name="version" value="0"/>
    </insert>
    <insert tableName="user_property" schemaName="${schemaName}">
      <column name="user_id" value="00000000-2222-0000-0002-000000000001"/>
      <column name="unicode_locale" value="EN"/>
      <column name="timezone" value="UTC"/>
      <column name="version" value="0"/>
    </insert>
  </changeSet>
  <changeSet id="test-004" author="tf">
    <insert schemaName="${schemaName}" tableName="exchange_event_source">
      <column name="id" valueComputed="nextval('${schemaName}.exchange_event_source_seq')"/>
      <column name="user_account_id" value="72aa8932-8798-4d1b-1111-590a3e6ffa11"/>
      <column name="date_utc" value="now()"/>
      <column name="event_type" value="DEPOSIT"/>
      <column name="amount" value="100000000"/>
      <column name="currency" value="PLN"/>
      <column name="checksum" value="-6123996541066948108"/>
      <column name="created_by" value="00000000-0000-0000-0002-000000000001"/>
      <column name="created_date_utc" value="now()"/>
    </insert>
    <insert schemaName="${schemaName}" tableName="exchange_event_source">
      <column name="id" valueComputed="nextval('${schemaName}.exchange_event_source_seq')"/>
      <column name="user_account_id" value="72aa8932-8798-4d1b-1111-590a3e6ffa22"/>
      <column name="date_utc" value="now()"/>
      <column name="event_type" value="DEPOSIT"/>
      <column name="amount" value="400000000"/>
      <column name="currency" value="EUR"/>
      <column name="checksum" value="-7257293078692491091"/>
      <column name="created_by" value="00000000-0000-0000-0002-000000000001"/>
      <column name="created_date_utc" value="now()"/>
    </insert>
    <insert schemaName="${schemaName}" tableName="exchange_event_source">
      <column name="id" valueComputed="nextval('${schemaName}.exchange_event_source_seq')"/>
      <column name="user_account_id" value="72aa8932-8798-4d1b-1111-590a3e6ffa55"/>
      <column name="date_utc" value="now()"/>
      <column name="event_type" value="DEPOSIT"/>
      <column name="amount" value="370000000"/>
      <column name="currency" value="USD"/>
      <column name="checksum" value="-6061119825215796120"/>
      <column name="created_by" value="00000000-0000-0000-0002-000000000001"/>
      <column name="created_date_utc" value="now()"/>
    </insert>
    <insert schemaName="${schemaName}" tableName="exchange_event_source">
      <column name="id" valueComputed="nextval('${schemaName}.exchange_event_source_seq')"/>
      <column name="user_account_id" value="8d8a228a-19a4-4f71-9f69-000000000001"/>
      <column name="date_utc" value="now()"/>
      <column name="event_type" value="EXCHANGE"/>
      <column name="amount" value="-250000"/>
      <column name="currency" value="USD"/>
      <column name="event_id" value="1"/>
      <column name="checksum" value="-6061119825215796120"/>
      <column name="created_by" value="8d8a228a-19a4-4f71-9f69-000000000001"/>
      <column name="created_date_utc" value="now()"/>
    </insert>
    <insert schemaName="${schemaName}" tableName="exchange_event_source">
      <column name="id" valueComputed="nextval('${schemaName}.exchange_event_source_seq')"/>
      <column name="user_account_id" value="921467e9-6fde-46e7-a329-000000000001"/>
      <column name="date_utc" value="now()"/>
      <column name="event_type" value="FEE"/>
      <column name="amount" value="100"/>
      <column name="currency" value="EUR"/>
      <column name="checksum" value="-6061119825215796120"/>
      <column name="created_by" value="921467e9-6fde-46e7-a329-000000000001"/>
      <column name="created_date_utc" value="now()"/>
    </insert>
    <insert schemaName="${schemaName}" tableName="exchange_event_source">
      <column name="id" valueComputed="nextval('${schemaName}.exchange_event_source_seq')"/>
      <column name="user_account_id" value="72aa8932-8798-4d1b-1111-590a3e6ffa55"/>
      <column name="date_utc" value="now()"/>
      <column name="event_type" value="WITHDRAW"/>
      <column name="amount" value="-480000"/>
      <column name="currency" value="USD"/>
      <column name="checksum" value="-6061119825215796120"/>
      <column name="created_by" value="8d8a228a-19a4-4f71-9f69-000000000001"/>
      <column name="created_date_utc" value="now()"/>
    </insert>
  </changeSet>
  <changeSet id="test-005" author="tf">
    <insert schemaName="${schemaName}" tableName="system_message">
      <column name="id" value="72aa8932-5555-4d1b-1111-590a3e6ffa11"/>
      <column name="create_date_utc" value="now()"/>
      <column name="message_text" value="Test message"/>
      <column name="priority" value="1"/>
      <column name="active" value="true"/>
      <column name="version" value="0"/>
      <column name="date_from_utc" value="now()"/>
      <column name="date_to_utc" value="now()"/>
    </insert>
    <insert schemaName="${schemaName}" tableName="system_message">
      <column name="id" value="72aa8932-5555-4d1b-aaf0-590a3e6ffa22"/>
      <column name="create_date_utc" value="now()"/>
      <column name="message_text" value="Not active Test message"/>
      <column name="priority" value="2"/>
      <column name="active" value="false"/>
      <column name="version" value="0"/>
      <column name="date_from_utc" value="now()"/>
      <column name="date_to_utc" value="now()"/>
    </insert>
  </changeSet>
  <changeSet id="test-006" author="tf">
    <insert schemaName="${schemaName}" tableName="address">
      <column name="id" value="bacf9743-0442-45c9-af5c-4956ff3bce17"/>
      <column name="user_id" value="00000000-2222-0000-0001-000000000001"/>
      <column name="name" value="ExchangeAdmin Company"/>
      <column name="country" value="US"/>
      <column name="version" value="0"/>
    </insert>
    <insert schemaName="${schemaName}" tableName="address">
      <column name="id" value="7b461bfa-7a05-42e9-8bb0-e226f8a2e840"/>
      <column name="user_id" value="00000000-0000-0000-0002-000000000001"/>
      <column name="name" value="Client Company"/>
      <column name="country" value="US"/>
      <column name="version" value="0"/>
    </insert>
  </changeSet>
  <changeSet id="test-007" author="tf">
    <insert tableName="exchange_event_source" schemaName="${schemaName}">
      <column name="id" valueComputed="nextval('${schemaName}.exchange_event_source_seq')"/>
      <column name="user_account_id" value="8d8a228a-19a4-4f71-9f69-000000000003"/>
      <column name="date_utc" value="2025-04-18T11:36:21.094"/>
      <column name="event_type" value="FEE"/>
      <column name="amount" value="1000"/>
      <column name="currency" value="GBP"/>
      <column name="checksum" value="-6123996541066948108"/>
      <column name="created_by" value="8d8a228a-19a4-4f71-9f69-5dd0a291f8c0"/>
      <column name="created_date_utc" value="2025-04-18T11:36:21.094"/>
    </insert>
    <insert tableName="exchange_event_source" schemaName="${schemaName}">
      <column name="id" valueComputed="nextval('${schemaName}.exchange_event_source_seq')"/>
      <column name="user_account_id" value="8d8a228a-19a4-4f71-9f69-000000000003"/>
      <column name="date_utc" value="2025-01-13T21:51:46.331025"/>
      <column name="event_type" value="CORRECTION"/>
      <column name="amount" value="-1000"/>
      <column name="currency" value="GBP"/>
      <column name="checksum" value="-6123996541066948108"/>
      <column name="created_by" value="8d8a228a-19a4-4f71-9f69-5dd0a291f8c0"/>
      <column name="created_date_utc" value="2025-01-13T21:51:46.331025"/>
    </insert>
  </changeSet>
</databaseChangeLog>