<?xml version="1.0" encoding="UTF-8"?>
<databaseChangeLog
  xmlns="http://www.liquibase.org/xml/ns/dbchangelog"
  xmlns:xsi="http://www.w3.org/2001/XMLSchema-instance"
  xsi:schemaLocation="http://www.liquibase.org/xml/ns/dbchangelog
		http://www.liquibase.org/xml/ns/dbchangelog/dbchangelog-latest.xsd">
  <changeSet id="test-001" author="tf">
    <insert tableName="exchange_user" schemaName="${schemaName}">
      <column name="id" value="00000000-0000-0000-0002-000000000001"/>
      <column name="email" value="client1@exchange.com"/>
      <column name="version" value="0"/>
    </insert>
    <insert tableName="exchange_user" schemaName="${schemaName}">
      <column name="id" value="00000000-0000-0000-0002-000000000002"/>
      <column name="email" value="client2@exchange.com"/>
      <column name="version" value="0"/>
    </insert>
    <insert tableName="currency" schemaName="${schemaName}">
      <column name="id" valueComputed="nextval('${schemaName}.currency_seq')"/>
      <column name="code" value="PLN"/>
      <column name="version" value="0"/>
    </insert>
    <insert tableName="currency" schemaName="${schemaName}">
      <column name="id" valueComputed="nextval('${schemaName}.currency_seq')"/>
      <column name="code" value="EUR"/>
      <column name="version" value="0"/>
    </insert>
    <insert tableName="currency" schemaName="${schemaName}">
      <column name="id" valueComputed="nextval('${schemaName}.currency_seq')"/>
      <column name="code" value="GBP"/>
      <column name="version" value="0"/>
    </insert>
    <insert tableName="currency" schemaName="${schemaName}">
      <column name="id" valueComputed="nextval('${schemaName}.currency_seq')"/>
      <column name="code" value="CHF"/>
      <column name="version" value="0"/>
    </insert>
    <insert tableName="currency" schemaName="${schemaName}">
      <column name="id" valueComputed="nextval('${schemaName}.currency_seq')"/>
      <column name="code" value="USD"/>
      <column name="version" value="0"/>
    </insert>
    <insert tableName="user_account" schemaName="${schemaName}">
      <column name="user_id" value="00000000-0000-0000-0002-000000000001"/>
      <column name="currency_id" value="1"/>
      <column name="id" value="72aa8932-8798-4d1b-aaf0-590a3e6ffa11"/>
      <column name="version" value="0"/>
    </insert>
    <insert tableName="user_account" schemaName="${schemaName}">
      <column name="user_id" value="00000000-0000-0000-0002-000000000001"/>
      <column name="currency_id" value="2"/>
      <column name="id" value="72aa8932-8798-4d1b-aaf0-590a3e6ffa22"/>
      <column name="version" value="0"/>
    </insert>
  </changeSet>
  <changeSet id="test-002" author="tfranek">
    <insert tableName="exchange_event" schemaName="${schemaName}">
      <column name="id" valueComputed="nextval('${schemaName}.exchange_event_seq')"/>
      <column name="pair" value="EUR_USD"/>
      <column name="direction" value="B"/>
      <column name="date_utc" value="now()"/>
      <column name="event_type" value="DEPOSIT"/>
      <column name="user_account_id" value="72aa8932-8798-4d1b-aaf0-590a3e6ffa22"/>
      <column name="amount" value="100000"/>
      <column name="ticket_status" value="NEW"/>
      <column name="ratio" value="10312"/>
      <column name="version" value="0"/>
    </insert>
  </changeSet>
  <changeSet id="test-003" author="tfranek">
    <insert tableName="user_property" schemaName="${schemaName}">
      <column name="user_id" value="00000000-0000-0000-0002-000000000001"/>
      <column name="unicode_locale" value="EN"/>
      <column name="timezone" value="UTC"/>
      <column name="version" value="0"/>
    </insert>
  </changeSet>
  <changeSet id="test-004" author="tfranek">
    <insert tableName="exchange_event_source" schemaName="${schemaName}">
      <column name="id" valueComputed="nextval('${schemaName}.exchange_event_source_seq')"/>
      <column name="user_account_id" value="72aa8932-8798-4d1b-aaf0-590a3e6ffa11"/>
      <column name="date_utc" value="now()"/>
      <column name="event_type" value="DEPOSIT"/>
      <column name="amount" value="100000"/>
    </insert>
  </changeSet>
</databaseChangeLog>