<?xml version="1.0" encoding="UTF-8"?>
<databaseChangeLog
  xmlns="http://www.liquibase.org/xml/ns/dbchangelog"
  xmlns:xsi="http://www.w3.org/2001/XMLSchema-instance"
  xsi:schemaLocation="http://www.liquibase.org/xml/ns/dbchangelog
		http://www.liquibase.org/xml/ns/dbchangelog/dbchangelog-latest.xsd">
  <changeSet id="test-structures-001" author="tf">
    <comment>Create exchange schema in database</comment>
    <sql>
      CREATE SCHEMA IF NOT EXISTS ${schemaName};
    </sql>
  </changeSet>
</databaseChangeLog>